<?xml version="1.0" encoding="UTF-8"?>
<!-- Generated by org.testng.reporters.JUnitReportReporter -->
<testsuite hostname="DESKTOP-IVRB6SS" failures="0" tests="1" name="api.getdata" time="1.584" errors="0" timestamp="2022-08-03T20:52:29 IST" skipped="0">
  <testcase classname="api.getdata" name="get_all_users_data_using_GET_Api" time="1.584"/>
  <system-out/>
</testsuite> <!-- api.getdata -->
