<?xml version="1.0" encoding="UTF-8"?>
<!-- Generated by org.testng.reporters.JUnitReportReporter -->
<testsuite hostname="DESKTOP-IVRB6SS" failures="0" tests="1" name="api.postdata" time="1.242" errors="0" timestamp="2022-08-03T20:55:49 IST" skipped="0">
  <testcase classname="api.postdata" name="test_user_created_successfully_using_post_api_method1_body_from_json_file" time="1.242"/>
  <system-out/>
</testsuite> <!-- api.postdata -->
